[23589:23649:0330/182916:ERROR:object_proxy.cc(624)] Failed to get name owner. Got org.freedesktop.DBus.Error.NameHasNoOwner: Could not get owner of name 'org.chromium.Mtpd': no such name
[23589:23649:0330/182916:ERROR:object_proxy.cc(624)] Failed to get name owner. Got org.freedesktop.DBus.Error.NameHasNoOwner: Could not get owner of name 'org.chromium.Mtpd': no such name
[23589:23589:0330/182918:ERROR:object_proxy.cc(529)] Failed to call method: org.chromium.Mtpd.EnumerateStorages: object_path= /org/chromium/Mtpd: org.freedesktop.DBus.Error.ServiceUnknown: The name org.chromium.Mtpd was not provided by any .service files
this = 139933202408608
SetHotKey true!
this = 139933202619584
SetHotKey true!
this = 140553085191200
SetHotKey true!
[23589:23745:0330/223508:ERROR:download_updates_command.cc(131)] PostClientToServerMessage() failed during GetUpdates
[23589:23745:0330/223509:ERROR:download_updates_command.cc(131)] PostClientToServerMessage() failed during GetUpdates
[23589:23745:0330/223511:ERROR:download_updates_command.cc(131)] PostClientToServerMessage() failed during GetUpdates
[23589:23745:0330/223513:ERROR:download_updates_command.cc(131)] PostClientToServerMessage() failed during GetUpdates
[23589:23745:0330/223518:ERROR:download_updates_command.cc(131)] PostClientToServerMessage() failed during GetUpdates
[23589:23745:0330/223523:ERROR:download_updates_command.cc(131)] PostClientToServerMessage() failed during GetUpdates
[23589:23745:0330/223535:ERROR:download_updates_command.cc(131)] PostClientToServerMessage() failed during GetUpdates
[23589:23745:0330/223605:ERROR:download_updates_command.cc(131)] PostClientToServerMessage() failed during GetUpdates
[23589:23745:0330/223650:ERROR:download_updates_command.cc(131)] PostClientToServerMessage() failed during GetUpdates
[23589:23745:0330/223710:ERROR:download_updates_command.cc(131)] PostClientToServerMessage() failed during GetUpdates
[23589:23745:0330/223712:ERROR:download_updates_command.cc(131)] PostClientToServerMessage() failed during GetUpdates
[23589:23745:0330/223720:ERROR:download_updates_command.cc(131)] PostClientToServerMessage() failed during GetUpdates
